zxing-android-embedded/build/intermediates/manifest_merge_blame_file/release/manifest-merger-blame-release-report.txt
1<?xml version="1.0" encoding="utf-8"?>
2<!--
3 Copyright (C) 2008 ZXing authors
4
5 Licensed under the Apache License, Version 2.0 (the "License");
6 you may not use this file except in compliance with the License.
7 You may obtain a copy of the License at
8
9      http://www.apache.org/licenses/LICENSE-2.0
10
11 Unless required by applicable law or agreed to in writing, software
12 distributed under the License is distributed on an "AS IS" BASIS,
13 WITHOUT WARRANTIES OR CONDITIONS OF ANY KIND, either express or implied.
14 See the License for the specific language governing permissions and
15 limitations under the License.
16-->
17<manifest xmlns:android="http://schemas.android.com/apk/res/android"
18    package="com.google.zxing.client.android" >
19
20    <uses-sdk
21        android:minSdkVersion="19"
21-->QRCode\zxing-android-embedded\AndroidManifest.xml
22        android:targetSdkVersion="19" />
22-->QRCode\zxing-android-embedded\AndroidManifest.xml
23
24    <application>
24-->QRCode\zxing-android-embedded\AndroidManifest.xml:19:3-25:17
25        <activity
25-->QRCode\zxing-android-embedded\AndroidManifest.xml:20:7-24:66
26            android:name="com.journeyapps.barcodescanner.CaptureActivity"
26-->QRCode\zxing-android-embedded\AndroidManifest.xml:20:17-78
27            android:clearTaskOnLaunch="true"
27-->QRCode\zxing-android-embedded\AndroidManifest.xml:21:17-49
28            android:stateNotNeeded="true"
28-->QRCode\zxing-android-embedded\AndroidManifest.xml:22:17-46
29            android:theme="@style/zxing_CaptureTheme"
29-->QRCode\zxing-android-embedded\AndroidManifest.xml:23:17-58
30            android:windowSoftInputMode="stateAlwaysHidden" />
30-->QRCode\zxing-android-embedded\AndroidManifest.xml:24:17-64
31    </application>
32
33</manifest>